<?xml version="1.0" encoding="UTF-8"?>
<!-- Generated by org.testng.reporters.JUnitXMLReporter -->
<testsuite ignored="2" hostname="LAPTOP-82M7P85N" failures="0" tests="1" name="Default test" time="0.051" errors="0" timestamp="2024-02-03T10:12:02 CET">
  <testcase classname="testNG.SkippingTests" name="skipped2" time="0.009">
    <skipped/>
  </testcase> <!-- skipped2 -->
  <testcase classname="testNG.SkippingTests" name="skipped" time="0.0">
    <ignored/>
  </testcase> <!-- skipped -->
  <testcase classname="testNG.SkippingTests" name="skipped3" time="0.0">
    <ignored/>
  </testcase> <!-- skipped3 -->
</testsuite> <!-- Default test -->
