<?xml version="1.0" encoding="UTF-8"?>
<!-- Generated by org.testng.reporters.JUnitXMLReporter -->
<testsuite ignored="2" hostname="LAPTOP-82M7P85N" failures="0" tests="2" name="GRP-reg" time="0.069" errors="0" timestamp="2023-12-31T14:50:33 CET">
  <testcase classname="testNG.LoginTest" name="logintest" time="0.01"/>
  <testcase classname="testNG.LoginTest" name="ahmed2" time="0.002"/>
  <testcase classname="testNG.LoginTest" name="ahmed" time="0.0">
    <ignored/>
  </testcase> <!-- ahmed -->
  <testcase classname="testNG.LoginTest" name="logouttest" time="0.0">
    <ignored/>
  </testcase> <!-- logouttest -->
</testsuite> <!-- GRP-reg -->
