<?xml version="1.0" encoding="UTF-8"?>
<!-- Generated by org.testng.reporters.JUnitReportReporter -->
<testsuite hostname="LAPTOP-82M7P85N" failures="1" tests="3" name="cucumberOptions.TestNGRunner" time="48.230" errors="0" timestamp="2025-05-25T17:43:59 CET" skipped="0">
  <testcase classname="cucumberOptions.TestNGRunner" name="runScenario" time="16.352"/>
  <testcase classname="cucumberOptions.TestNGRunner" name="runScenario" time="17.047">
    <failure type="java.lang.AssertionError">
      <![CDATA[java.lang.AssertionError
at stepDefinitions.OfferPageStepDefinition.validate_product_name_in_Offers_page(OfferPageStepDefinition.java:57)
at ✽.validate product name in offers page matches with Landing page(file:///C:/Users/21693/eclipse-workspace/Selenium/Cucumber/src/test/java/features/exercice1.feature:9)
]]>
    </failure>
  </testcase> <!-- runScenario -->
  <testcase classname="cucumberOptions.TestNGRunner" name="runScenario" time="14.831"/>
</testsuite> <!-- cucumberOptions.TestNGRunner -->
